<?xml version="1.0" encoding="UTF-8"?>
<!-- Generated by org.testng.reporters.JUnitXMLReporter -->
<testsuite hostname="dell" ignored="0" name="POM1" tests="2" failures="0" timestamp="01 Dec 2020 14:02:23 GMT" time="12.745" errors="0">
  <testcase name="@BeforeClass beforeClass" time="6.379" classname="Test.Base">
    <failure type="org.openqa.selenium.WebDriverException" message="unknown error: cannot determine loading status
from disconnected: received Inspector.detached event
  (Session info: chrome=87.0.4280.66)
Build info: version: &amp;apos;3.141.59&amp;apos;, revision: &amp;apos;e82be7d358&amp;apos;, time: &amp;apos;2018-11-14T08:17:03&amp;apos;
System info: host: &amp;apos;DELL&amp;apos;, ip: &amp;apos;192.168.43.195&amp;apos;, os.name: &amp;apos;Windows 8.1&amp;apos;, os.arch: &amp;apos;amd64&amp;apos;, os.version: &amp;apos;6.3&amp;apos;, java.version: &amp;apos;1.8.0_261&amp;apos;
Driver info: org.openqa.selenium.chrome.ChromeDriver
Capabilities {acceptInsecureCerts: false, browserName: chrome, browserVersion: 87.0.4280.66, chrome: {chromedriverVersion: 86.0.4240.22 (398b0743353ff..., userDataDir: C:\Users\inspiron\AppData\L...}, goog:chromeOptions: {debuggerAddress: localhost:59033}, javascriptEnabled: true, networkConnectionEnabled: false, pageLoadStrategy: normal, platform: WINDOWS, platformName: WINDOWS, proxy: Proxy(), setWindowRect: true, strictFileInteractability: false, timeouts: {implicit: 0, pageLoad: 300000, script: 30000}, unhandledPromptBehavior: dismiss and notify, webauthn:virtualAuthenticators: true}
Session ID: 0b6cf65e73e32331f48c27d1c4acdeff">
      <![CDATA[org.openqa.selenium.WebDriverException: unknown error: cannot determine loading status
from disconnected: received Inspector.detached event
  (Session info: chrome=87.0.4280.66)
Build info: version: '3.141.59', revision: 'e82be7d358', time: '2018-11-14T08:17:03'
System info: host: 'DELL', ip: '192.168.43.195', os.name: 'Windows 8.1', os.arch: 'amd64', os.version: '6.3', java.version: '1.8.0_261'
Driver info: org.openqa.selenium.chrome.ChromeDriver
Capabilities {acceptInsecureCerts: false, browserName: chrome, browserVersion: 87.0.4280.66, chrome: {chromedriverVersion: 86.0.4240.22 (398b0743353ff..., userDataDir: C:\Users\inspiron\AppData\L...}, goog:chromeOptions: {debuggerAddress: localhost:59033}, javascriptEnabled: true, networkConnectionEnabled: false, pageLoadStrategy: normal, platform: WINDOWS, platformName: WINDOWS, proxy: Proxy(), setWindowRect: true, strictFileInteractability: false, timeouts: {implicit: 0, pageLoad: 300000, script: 30000}, unhandledPromptBehavior: dismiss and notify, webauthn:virtualAuthenticators: true}
Session ID: 0b6cf65e73e32331f48c27d1c4acdeff
at org.openqa.selenium.remote.http.W3CHttpResponseCodec.createException(W3CHttpResponseCodec.java:187)
at org.openqa.selenium.remote.http.W3CHttpResponseCodec.decode(W3CHttpResponseCodec.java:122)
at org.openqa.selenium.remote.http.W3CHttpResponseCodec.decode(W3CHttpResponseCodec.java:49)
at org.openqa.selenium.remote.HttpCommandExecutor.execute(HttpCommandExecutor.java:158)
at org.openqa.selenium.remote.service.DriverCommandExecutor.execute(DriverCommandExecutor.java:83)
at org.openqa.selenium.remote.RemoteWebDriver.execute(RemoteWebDriver.java:552)
at org.openqa.selenium.remote.RemoteWebDriver.get(RemoteWebDriver.java:277)
at Test.Base.beforeClass(Base.java:23)
... Removed 30 stack frames]]>
    </failure>
  </testcase> <!-- @BeforeClass beforeClass -->
  <testcase name="@AfterClass afterClass" time="0.0" classname="Test.Base">
    <skipped/>
  </testcase> <!-- @AfterClass afterClass -->
  <testcase name="@BeforeClass beforeClass" time="3.763" classname="Test.Base">
    <failure type="org.openqa.selenium.SessionNotCreatedException" message="session not created
from disconnected: received Inspector.detached event
  (Session info: chrome=87.0.4280.66)
Build info: version: &amp;apos;3.141.59&amp;apos;, revision: &amp;apos;e82be7d358&amp;apos;, time: &amp;apos;2018-11-14T08:17:03&amp;apos;
System info: host: &amp;apos;DELL&amp;apos;, ip: &amp;apos;192.168.43.195&amp;apos;, os.name: &amp;apos;Windows 8.1&amp;apos;, os.arch: &amp;apos;amd64&amp;apos;, os.version: &amp;apos;6.3&amp;apos;, java.version: &amp;apos;1.8.0_261&amp;apos;
Driver info: driver.version: ChromeDriver
remote stacktrace: Backtrace:
	Ordinal0 [0x0066C013+3194899]
	Ordinal0 [0x00556021+2056225]
	Ordinal0 [0x003EF608+587272]
	Ordinal0 [0x003E421D+541213]
	Ordinal0 [0x003E3F34+540468]
	Ordinal0 [0x003E364A+538186]
	Ordinal0 [0x003E2A6F+535151]
	Ordinal0 [0x003E2E45+536133]
	Ordinal0 [0x003E27A5+534437]
	Ordinal0 [0x003EBBC9+572361]
	Ordinal0 [0x003E2754+534356]
	Ordinal0 [0x003E3475+537717]
	Ordinal0 [0x003E2A6F+535151]
	Ordinal0 [0x003E2E45+536133]
	Ordinal0 [0x003E27A5+534437]
	Ordinal0 [0x003E9EFE+564990]
	Ordinal0 [0x003E2754+534356]
	Ordinal0 [0x003E3475+537717]
	Ordinal0 [0x003E2A6F+535151]
	Ordinal0 [0x003E2E45+536133]
	Ordinal0 [0x003E27A5+534437]
	Ordinal0 [0x003E8186+557446]
	Ordinal0 [0x003E2754+534356]
	Ordinal0 [0x003E3475+537717]
	Ordinal0 [0x003E2A6F+535151]
	Ordinal0 [0x003E2E45+536133]
	Ordinal0 [0x003E27A5+534437]
	Ordinal0 [0x003E74A7+554151]
	Ordinal0 [0x003E2754+534356]
	Ordinal0 [0x003E3475+537717]
	Ordinal0 [0x003E2A6F+535151]
	Ordinal0 [0x003E2E45+536133]
	Ordinal0 [0x003E27A5+534437]
	Ordinal0 [0x003DF06C+520300]
	Ordinal0 [0x003E2754+534356]
	Ordinal0 [0x003E25BF+533951]
	Ordinal0 [0x003E23D3+533459]
	Ordinal0 [0x003F0620+591392]
	Ordinal0 [0x00392A0C+207372]
	Ordinal0 [0x00391D0D+204045]
	Ordinal0 [0x0038FC1B+195611]
	Ordinal0 [0x00373B7F+80767]
	Ordinal0 [0x00374B4E+84814]
	Ordinal0 [0x00374AD9+84697]
	Ordinal0 [0x0056CE64+2149988]
	GetHandleVerifier [0x007DBE95+1400773]
	GetHandleVerifier [0x007DBB61+1399953]
	GetHandleVerifier [0x007E31FA+1430314]
	GetHandleVerifier [0x007DC69F+1402831]
	Ordinal0 [0x00563D61+2112865]
	Ordinal0 [0x0056E5CB+2155979]
	Ordinal0 [0x0056E6F5+2156277]
	Ordinal0 [0x0057F26E+2224750]
	BaseThreadInitThunk [0x74F5919F+14]
	RtlInitializeExceptionChain [0x7719A8CB+132]
	RtlInitializeExceptionChain [0x7719A8A1+90]
">
      <![CDATA[org.openqa.selenium.SessionNotCreatedException: session not created
from disconnected: received Inspector.detached event
  (Session info: chrome=87.0.4280.66)
Build info: version: '3.141.59', revision: 'e82be7d358', time: '2018-11-14T08:17:03'
System info: host: 'DELL', ip: '192.168.43.195', os.name: 'Windows 8.1', os.arch: 'amd64', os.version: '6.3', java.version: '1.8.0_261'
Driver info: driver.version: ChromeDriver
remote stacktrace: Backtrace:
Ordinal0 [0x0066C013+3194899]
Ordinal0 [0x00556021+2056225]
Ordinal0 [0x003EF608+587272]
Ordinal0 [0x003E421D+541213]
Ordinal0 [0x003E3F34+540468]
Ordinal0 [0x003E364A+538186]
Ordinal0 [0x003E2A6F+535151]
Ordinal0 [0x003E2E45+536133]
Ordinal0 [0x003E27A5+534437]
Ordinal0 [0x003EBBC9+572361]
Ordinal0 [0x003E2754+534356]
Ordinal0 [0x003E3475+537717]
Ordinal0 [0x003E2A6F+535151]
Ordinal0 [0x003E2E45+536133]
Ordinal0 [0x003E27A5+534437]
Ordinal0 [0x003E9EFE+564990]
Ordinal0 [0x003E2754+534356]
Ordinal0 [0x003E3475+537717]
Ordinal0 [0x003E2A6F+535151]
Ordinal0 [0x003E2E45+536133]
Ordinal0 [0x003E27A5+534437]
Ordinal0 [0x003E8186+557446]
Ordinal0 [0x003E2754+534356]
Ordinal0 [0x003E3475+537717]
Ordinal0 [0x003E2A6F+535151]
Ordinal0 [0x003E2E45+536133]
Ordinal0 [0x003E27A5+534437]
Ordinal0 [0x003E74A7+554151]
Ordinal0 [0x003E2754+534356]
Ordinal0 [0x003E3475+537717]
Ordinal0 [0x003E2A6F+535151]
Ordinal0 [0x003E2E45+536133]
Ordinal0 [0x003E27A5+534437]
Ordinal0 [0x003DF06C+520300]
Ordinal0 [0x003E2754+534356]
Ordinal0 [0x003E25BF+533951]
Ordinal0 [0x003E23D3+533459]
Ordinal0 [0x003F0620+591392]
Ordinal0 [0x00392A0C+207372]
Ordinal0 [0x00391D0D+204045]
Ordinal0 [0x0038FC1B+195611]
Ordinal0 [0x00373B7F+80767]
Ordinal0 [0x00374B4E+84814]
Ordinal0 [0x00374AD9+84697]
Ordinal0 [0x0056CE64+2149988]
GetHandleVerifier [0x007DBE95+1400773]
GetHandleVerifier [0x007DBB61+1399953]
GetHandleVerifier [0x007E31FA+1430314]
GetHandleVerifier [0x007DC69F+1402831]
Ordinal0 [0x00563D61+2112865]
Ordinal0 [0x0056E5CB+2155979]
Ordinal0 [0x0056E6F5+2156277]
Ordinal0 [0x0057F26E+2224750]
BaseThreadInitThunk [0x74F5919F+14]
RtlInitializeExceptionChain [0x7719A8CB+132]
RtlInitializeExceptionChain [0x7719A8A1+90]

at org.openqa.selenium.remote.W3CHandshakeResponse.lambda$errorHandler$0(W3CHandshakeResponse.java:62)
at org.openqa.selenium.remote.HandshakeResponse.lambda$getResponseFunction$0(HandshakeResponse.java:30)
at org.openqa.selenium.remote.ProtocolHandshake.lambda$createSession$0(ProtocolHandshake.java:126)
at java.util.stream.ReferencePipeline$3$1.accept(Unknown Source)
at java.util.Spliterators$ArraySpliterator.tryAdvance(Unknown Source)
at java.util.stream.ReferencePipeline.forEachWithCancel(Unknown Source)
at java.util.stream.AbstractPipeline.copyIntoWithCancel(Unknown Source)
at java.util.stream.AbstractPipeline.copyInto(Unknown Source)
at java.util.stream.AbstractPipeline.wrapAndCopyInto(Unknown Source)
at java.util.stream.FindOps$FindOp.evaluateSequential(Unknown Source)
at java.util.stream.AbstractPipeline.evaluate(Unknown Source)
at java.util.stream.ReferencePipeline.findFirst(Unknown Source)
at org.openqa.selenium.remote.ProtocolHandshake.createSession(ProtocolHandshake.java:128)
at org.openqa.selenium.remote.ProtocolHandshake.createSession(ProtocolHandshake.java:74)
at org.openqa.selenium.remote.HttpCommandExecutor.execute(HttpCommandExecutor.java:136)
at org.openqa.selenium.remote.service.DriverCommandExecutor.execute(DriverCommandExecutor.java:83)
at org.openqa.selenium.remote.RemoteWebDriver.execute(RemoteWebDriver.java:552)
at org.openqa.selenium.remote.RemoteWebDriver.startSession(RemoteWebDriver.java:213)
at org.openqa.selenium.remote.RemoteWebDriver.<init>(RemoteWebDriver.java:131)
at org.openqa.selenium.chrome.ChromeDriver.<init>(ChromeDriver.java:181)
at org.openqa.selenium.chrome.ChromeDriver.<init>(ChromeDriver.java:168)
at org.openqa.selenium.chrome.ChromeDriver.<init>(ChromeDriver.java:123)
at Test.Base.beforeClass(Base.java:21)
... Removed 30 stack frames]]>
    </failure>
  </testcase> <!-- @BeforeClass beforeClass -->
  <testcase name="@AfterClass afterClass" time="0.0" classname="Test.Base">
    <skipped/>
  </testcase> <!-- @AfterClass afterClass -->
  <testcase name="f" time="0.0" classname="Test.LoginTest">
    <skipped/>
  </testcase> <!-- f -->
  <testcase name="f" time="0.0" classname="Test.RegisterTest">
    <skipped/>
  </testcase> <!-- f -->
</testsuite> <!-- POM1 -->
